# JRE version: OpenJDK Runtime Environment (11.0.8+10) (build 11.0.8+10-b944.6842174)
# Java VM: OpenJDK 64-Bit Server VM (11.0.8+10-b944.6842174, mixed mode, tiered, compressed oops, g1 gc, windows-amd64)
Heap:
 garbage-first heap   total 427008K, used 350720K [0x00000000a0000000, 0x0000000100000000)
  region size 1024K, 39 young (39936K), 8 survivors (8192K)
 Metaspace       used 129023K, capacity 134716K, committed 135216K, reserved 1167360K
  class space    used 15658K, capacity 17539K, committed 17792K, reserved 1048576K
GC Heap History (20 events):
Event: 476.451 GC heap before
{Heap before GC invocations=223 (full 0):
 garbage-first heap   total 427008K, used 275964K [0x00000000a0000000, 0x0000000100000000)
  region size 1024K, 67 young (68608K), 3 survivors (3072K)
 Metaspace       used 127727K, capacity 133340K, committed 133936K, reserved 1165312K
  class space    used 15627K, capacity 17492K, committed 17792K, reserved 1048576K
}
Event: 476.467 GC heap after
{Heap after GC invocations=224 (full 0):
 garbage-first heap   total 427008K, used 221621K [0x00000000a0000000, 0x0000000100000000)
  region size 1024K, 9 young (9216K), 9 survivors (9216K)
 Metaspace       used 127727K, capacity 133340K, committed 133936K, reserved 1165312K
  class space    used 15627K, capacity 17492K, committed 17792K, reserved 1048576K
}
Event: 691.268 GC heap before
{Heap before GC invocations=224 (full 0):
 garbage-first heap   total 427008K, used 288181K [0x00000000a0000000, 0x0000000100000000)
  region size 1024K, 75 young (76800K), 9 survivors (9216K)
 Metaspace       used 127900K, capacity 133509K, committed 133936K, reserved 1165312K
  class space    used 15632K, capacity 17501K, committed 17792K, reserved 1048576K
}
Event: 691.282 GC heap after
{Heap after GC invocations=225 (full 0):
 garbage-first heap   total 427008K, used 226306K [0x00000000a0000000, 0x0000000100000000)
  region size 1024K, 5 young (5120K), 5 survivors (5120K)
 Metaspace       used 127900K, capacity 133509K, committed 133936K, reserved 1165312K
  class space    used 15632K, capacity 17501K, committed 17792K, reserved 1048576K
}
Event: 692.200 GC heap before
{Heap before GC invocations=225 (full 0):
 garbage-first heap   total 427008K, used 297986K [0x00000000a0000000, 0x0000000100000000)
  region size 1024K, 75 young (76800K), 5 survivors (5120K)
 Metaspace       used 128086K, capacity 133738K, committed 134192K, reserved 1165312K
  class space    used 15637K, capacity 17509K, committed 17792K, reserved 1048576K
}
Event: 692.217 GC heap after
{Heap after GC invocations=226 (full 0):
 garbage-first heap   total 427008K, used 237962K [0x00000000a0000000, 0x0000000100000000)
  region size 1024K, 10 young (10240K), 10 survivors (10240K)
 Metaspace       used 128086K, capacity 133738K, committed 134192K, reserved 1165312K
  class space    used 15637K, capacity 17509K, committed 17792K, reserved 1048576K
}
Event: 693.275 GC heap before
{Heap before GC invocations=226 (full 0):
 garbage-first heap   total 427008K, used 309642K [0x00000000a0000000, 0x0000000100000000)
  region size 1024K, 80 young (81920K), 10 survivors (10240K)
 Metaspace       used 128234K, capacity 133948K, committed 134448K, reserved 1165312K
  class space    used 15639K, capacity 17512K, committed 17792K, reserved 1048576K
}
Event: 693.312 GC heap after
{Heap after GC invocations=227 (full 0):
 garbage-first heap   total 427008K, used 259710K [0x00000000a0000000, 0x0000000100000000)
  region size 1024K, 10 young (10240K), 10 survivors (10240K)
 Metaspace       used 128234K, capacity 133948K, committed 134448K, reserved 1165312K
  class space    used 15639K, capacity 17512K, committed 17792K, reserved 1048576K
}
Event: 727.833 GC heap before
{Heap before GC invocations=227 (full 0):
 garbage-first heap   total 427008K, used 323198K [0x00000000a0000000, 0x0000000100000000)
  region size 1024K, 73 young (74752K), 10 survivors (10240K)
 Metaspace       used 128402K, capacity 134099K, committed 134448K, reserved 1165312K
  class space    used 15645K, capacity 17517K, committed 17792K, reserved 1048576K
}
Event: 727.862 GC heap after
{Heap after GC invocations=228 (full 0):
 garbage-first heap   total 427008K, used 271872K [0x00000000a0000000, 0x0000000100000000)
  region size 1024K, 10 young (10240K), 10 survivors (10240K)
 Metaspace       used 128402K, capacity 134099K, committed 134448K, reserved 1165312K
  class space    used 15645K, capacity 17517K, committed 17792K, reserved 1048576K
}
Event: 733.057 GC heap before
{Heap before GC invocations=228 (full 0):
 garbage-first heap   total 427008K, used 336384K [0x00000000a0000000, 0x0000000100000000)
  region size 1024K, 70 young (71680K), 10 survivors (10240K)
 Metaspace       used 128611K, capacity 134291K, committed 134704K, reserved 1167360K
  class space    used 15653K, capacity 17531K, committed 17792K, reserved 1048576K
}
Event: 733.071 GC heap after
{Heap after GC invocations=229 (full 0):
 garbage-first heap   total 427008K, used 278016K [0x00000000a0000000, 0x0000000100000000)
  region size 1024K, 3 young (3072K), 3 survivors (3072K)
 Metaspace       used 128611K, capacity 134291K, committed 134704K, reserved 1167360K
  class space    used 15653K, capacity 17531K, committed 17792K, reserved 1048576K
}
Event: 2736.562 GC heap before
{Heap before GC invocations=229 (full 0):
 garbage-first heap   total 427008K, used 339455K [0x00000000a0000000, 0x0000000100000000)
  region size 1024K, 64 young (65536K), 3 survivors (3072K)
 Metaspace       used 128754K, capacity 134379K, committed 134704K, reserved 1167360K
  class space    used 15656K, capacity 17536K, committed 17792K, reserved 1048576K
}
Event: 2736.590 GC heap after
{Heap after GC invocations=230 (full 0):
 garbage-first heap   total 427008K, used 276628K [0x00000000a0000000, 0x0000000100000000)
  region size 1024K, 4 young (4096K), 4 survivors (4096K)
 Metaspace       used 128754K, capacity 134379K, committed 134704K, reserved 1167360K
  class space    used 15656K, capacity 17536K, committed 17792K, reserved 1048576K
}
Event: 2737.556 GC heap before
{Heap before GC invocations=230 (full 0):
 garbage-first heap   total 427008K, used 342164K [0x00000000a0000000, 0x0000000100000000)
  region size 1024K, 69 young (70656K), 4 survivors (4096K)
 Metaspace       used 128828K, capacity 134583K, committed 134960K, reserved 1167360K
  class space    used 15658K, capacity 17539K, committed 17792K, reserved 1048576K
}
Event: 2737.579 GC heap after
{Heap after GC invocations=231 (full 0):
 garbage-first heap   total 427008K, used 287116K [0x00000000a0000000, 0x0000000100000000)
  region size 1024K, 9 young (9216K), 9 survivors (9216K)
 Metaspace       used 128828K, capacity 134583K, committed 134960K, reserved 1167360K
  class space    used 15658K, capacity 17539K, committed 17792K, reserved 1048576K
}
Event: 2738.594 GC heap before
{Heap before GC invocations=231 (full 0):
 garbage-first heap   total 427008K, used 349580K [0x00000000a0000000, 0x0000000100000000)
  region size 1024K, 70 young (71680K), 9 survivors (9216K)
 Metaspace       used 128945K, capacity 134650K, committed 134960K, reserved 1167360K
  class space    used 15658K, capacity 17539K, committed 17792K, reserved 1048576K
}
Event: 2738.631 GC heap after
{Heap after GC invocations=232 (full 0):
 garbage-first heap   total 427008K, used 301264K [0x00000000a0000000, 0x0000000100000000)
  region size 1024K, 9 young (9216K), 9 survivors (9216K)
 Metaspace       used 128945K, capacity 134650K, committed 134960K, reserved 1167360K
  class space    used 15658K, capacity 17539K, committed 17792K, reserved 1048576K
}
Event: 2739.121 GC heap before
{Heap before GC invocations=232 (full 0):
 garbage-first heap   total 427008K, used 352464K [0x00000000a0000000, 0x0000000100000000)
  region size 1024K, 60 young (61440K), 9 survivors (9216K)
 Metaspace       used 129005K, capacity 134716K, committed 135216K, reserved 1167360K
  class space    used 15658K, capacity 17539K, committed 17792K, reserved 1048576K
}
Event: 2739.170 GC heap after
{Heap after GC invocations=233 (full 0):
 garbage-first heap   total 427008K, used 321024K [0x00000000a0000000, 0x0000000100000000)
  region size 1024K, 8 young (8192K), 8 survivors (8192K)
 Metaspace       used 129005K, capacity 134716K, committed 135216K, reserved 1167360K
  class space    used 15658K, capacity 17539K, committed 17792K, reserved 1048576K
}

